
Error: While constructing the build plan, the following exceptions were encountered:

In the dependencies for hindent-5.2.3:
    haskell-src-exts-1.18.2 must match >=1.19 (latest applicable is 1.19.1)
needed since hindent-5.2.3 is a build target.


Error: Plan construction failed.

Warning: Build failed, but optimistically launching GHCi anyway

* * * * * * * *
Warning: There are cabal settings for this project which may prevent GHCi from loading your code properly.
In some cases it can also load some projects which would otherwise fail to build.

-XNoImplicitPrelude will be used, but GHCi will likely fail to build things which depend on the implicit prelude.
It is specified for:
    print:lib print:exe:Example
But not for: 
    hindent:lib hindent:exe:hindent line-size:exe:line-size

-XOverloadedStrings will be used, but it can cause type ambiguity in code not usually compiled with it.
It is specified for:
    print:lib
But not for: 
    hindent:lib hindent:exe:hindent line-size:exe:line-size print:exe:Example

To resolve, remove the flag(s) from the cabal file(s) and instead put them at the top of the haskell files.

It isn't yet possible to load multiple packages into GHCi in all cases - see
https://ghc.haskell.org/trac/ghc/ticket/10827
* * * * * * * *

Configuring GHCi with the following packages: hindent, line-size, print

* * * * * * * *
The main module to load is ambiguous. Candidates are: 
1. Package `hindent' component exe:hindent with main-is file: /home/mikeh/hindent/src/main/Main.hs
2. Package `line-size' component exe:line-size with main-is file: /home/mikeh/line-size/Main.hs
3. Package `print' component exe:Example with main-is file: /home/mikeh/print/Example.hs
You can specify which one to pick by: 
 * Specifying targets to stack ghci e.g. stack ghci hindent:exe:hindent
 * Specifying what the main is e.g. stack ghci --main-is hindent:exe:hindent
 * Choosing from the candidate above [1..3]
* * * * * * * *


/home/mikeh/hindent/src/main/Path/Find.hs:28:33: error:
    Not in scope: type constructor or class ‘Bool’

/home/mikeh/hindent/src/main/Path/Find.hs:29:15: error:
    Not in scope: type constructor or class ‘Maybe’

/home/mikeh/hindent/src/main/Path/Find.hs:30:18: error:
    Not in scope: type constructor or class ‘Maybe’

/home/mikeh/hindent/src/main/Path/Find.hs:36:31: error:
    Not in scope: type constructor or class ‘Bool’

/home/mikeh/hindent/src/main/Path/Find.hs:37:14: error:
    Not in scope: type constructor or class ‘Maybe’

/home/mikeh/hindent/src/main/Path/Find.hs:38:17: error:
    Not in scope: type constructor or class ‘Maybe’

/home/mikeh/hindent/src/main/Path/Find.hs:46:30: error:
    Not in scope: type constructor or class ‘Bool’

/home/mikeh/hindent/src/main/Path/Find.hs:47:15: error:
    Not in scope: type constructor or class ‘Maybe’

/home/mikeh/hindent/src/main/Path/Find.hs:48:18: error:
    Not in scope: type constructor or class ‘Maybe’

/home/mikeh/hindent/src/main/Path/Find.hs:52:8: error:
    Not in scope: data constructor ‘Just’

/home/mikeh/hindent/src/main/Path/Find.hs:53:8: error:
    Not in scope: data constructor ‘Nothing’

/home/mikeh/hindent/src/main/Path/Find.hs:65:32: error:
    Not in scope: type constructor or class ‘Bool’

/home/mikeh/hindent/src/main/Path/Find.hs:66:31: error:
    Not in scope: type constructor or class ‘Bool’

/home/mikeh/hindent/src/main/Path/Find.hs:67:14: error:
    Not in scope: type constructor or class ‘IO’

/home/mikeh/hindent/src/main/Path/Find.hs:84:28: error:
    Not in scope: type constructor or class ‘IO’

/home/mikeh/hindent/src/main/Path/Find.hs:84:31: error:
    Not in scope: type constructor or class ‘Bool’

/home/mikeh/hindent/src/main/Path/Find.hs:89:51: error:
    Not in scope: type constructor or class ‘Maybe’

/home/mikeh/hindent/src/main/Path/Find.hs:89:83: error:
    Not in scope: type constructor or class ‘Maybe’

/home/mikeh/hindent/src/main/Path/Find.hs:93:9: error:
    Not in scope: data constructor ‘Just’

/home/mikeh/hindent/src/main/Path/Find.hs:94:9: error:
    Not in scope: data constructor ‘Nothing’

/home/mikeh/print/src/Print.hs:71:1: warning: [-Wunused-top-binds]
    Defined but not used: ‘showSpace’

/home/mikeh/print/src/Print.hs:81:1: warning: [-Wunused-top-binds]
    Defined but not used: ‘showQuotes’

/home/mikeh/hindent/src/main/Path/Find.hs:28:33: error:
    Not in scope: type constructor or class ‘Bool’

/home/mikeh/hindent/src/main/Path/Find.hs:29:15: error:
    Not in scope: type constructor or class ‘Maybe’

/home/mikeh/hindent/src/main/Path/Find.hs:30:18: error:
    Not in scope: type constructor or class ‘Maybe’

/home/mikeh/hindent/src/main/Path/Find.hs:36:31: error:
    Not in scope: type constructor or class ‘Bool’

/home/mikeh/hindent/src/main/Path/Find.hs:37:14: error:
    Not in scope: type constructor or class ‘Maybe’

/home/mikeh/hindent/src/main/Path/Find.hs:38:17: error:
    Not in scope: type constructor or class ‘Maybe’

/home/mikeh/hindent/src/main/Path/Find.hs:46:30: error:
    Not in scope: type constructor or class ‘Bool’

/home/mikeh/hindent/src/main/Path/Find.hs:47:15: error:
    Not in scope: type constructor or class ‘Maybe’

/home/mikeh/hindent/src/main/Path/Find.hs:48:18: error:
    Not in scope: type constructor or class ‘Maybe’

/home/mikeh/hindent/src/main/Path/Find.hs:52:8: error:
    Not in scope: data constructor ‘Just’

/home/mikeh/hindent/src/main/Path/Find.hs:53:8: error:
    Not in scope: data constructor ‘Nothing’

/home/mikeh/hindent/src/main/Path/Find.hs:65:32: error:
    Not in scope: type constructor or class ‘Bool’

/home/mikeh/hindent/src/main/Path/Find.hs:66:31: error:
    Not in scope: type constructor or class ‘Bool’

/home/mikeh/hindent/src/main/Path/Find.hs:67:14: error:
    Not in scope: type constructor or class ‘IO’

/home/mikeh/hindent/src/main/Path/Find.hs:84:28: error:
    Not in scope: type constructor or class ‘IO’

/home/mikeh/hindent/src/main/Path/Find.hs:84:31: error:
    Not in scope: type constructor or class ‘Bool’

/home/mikeh/hindent/src/main/Path/Find.hs:89:51: error:
    Not in scope: type constructor or class ‘Maybe’

/home/mikeh/hindent/src/main/Path/Find.hs:89:83: error:
    Not in scope: type constructor or class ‘Maybe’

/home/mikeh/hindent/src/main/Path/Find.hs:93:9: error:
    Not in scope: data constructor ‘Just’

/home/mikeh/hindent/src/main/Path/Find.hs:94:9: error:
    Not in scope: data constructor ‘Nothing’

<no location info>: error:
    Could not find module ‘HIndent’
    It is a member of the hidden package ‘hindent-5.2.2@hindent-5.2.2-73dgy0NEx2AL3PSrHve4zK’.
